This is pdfTeX, Version 3.1415926-2.4-1.40.13 (TeX Live 2012/Debian) (format=pdflatex 2012.12.9)  9 DEC 2012 14:59
entering extended mode
 restricted \write18 enabled.
 %&-line parsing enabled.
**planner.tex
(./planner.tex
LaTeX2e <2011/06/27>
Babel <v3.8m> and hyphenation patterns for english, dumylang, nohyphenation, lo
aded.
(/usr/share/texlive/texmf-dist/tex/latex/base/article.cls
Document Class: article 2007/10/19 v1.4h Standard LaTeX document class
(/usr/share/texlive/texmf-dist/tex/latex/base/size12.clo
File: size12.clo 2007/10/19 v1.4h Standard LaTeX file (size option)
)
\c@part=\count79
\c@section=\count80
\c@subsection=\count81
\c@subsubsection=\count82
\c@paragraph=\count83
\c@subparagraph=\count84
\c@figure=\count85
\c@table=\count86
\abovecaptionskip=\skip41
\belowcaptionskip=\skip42
\bibindent=\dimen102
)
(/usr/share/texlive/texmf-dist/tex/latex/base/fontenc.sty
Package: fontenc 2005/09/27 v1.99g Standard LaTeX package

(/usr/share/texlive/texmf-dist/tex/latex/base/t1enc.def
File: t1enc.def 2005/09/27 v1.99g Standard LaTeX file
LaTeX Font Info:    Redeclaring font encoding T1 on input line 43.
))
(/usr/share/texlive/texmf-dist/tex/latex/psnfss/mathpazo.sty
Package: mathpazo 2005/04/12 PSNFSS-v9.2a Palatino w/ Pazo Math (D.Puga, WaS) 
\symupright=\mathgroup4
)
(/usr/share/texlive/texmf-dist/tex/latex/geometry/geometry.sty
Package: geometry 2010/09/12 v5.6 Page Geometry

(/usr/share/texlive/texmf-dist/tex/latex/graphics/keyval.sty
Package: keyval 1999/03/16 v1.13 key=value parser (DPC)
\KV@toks@=\toks14
)
(/usr/share/texlive/texmf-dist/tex/generic/oberdiek/ifpdf.sty
Package: ifpdf 2011/01/30 v2.3 Provides the ifpdf switch (HO)
Package ifpdf Info: pdfTeX in PDF mode is detected.
)
(/usr/share/texlive/texmf-dist/tex/generic/oberdiek/ifvtex.sty
Package: ifvtex 2010/03/01 v1.5 Detect VTeX and its facilities (HO)
Package ifvtex Info: VTeX not detected.
)
(/usr/share/texlive/texmf-dist/tex/generic/ifxetex/ifxetex.sty
Package: ifxetex 2010/09/12 v0.6 Provides ifxetex conditional
)
\Gm@cnth=\count87
\Gm@cntv=\count88
\c@Gm@tempcnt=\count89
\Gm@bindingoffset=\dimen103
\Gm@wd@mp=\dimen104
\Gm@odd@mp=\dimen105
\Gm@even@mp=\dimen106
\Gm@layoutwidth=\dimen107
\Gm@layoutheight=\dimen108
\Gm@layouthoffset=\dimen109
\Gm@layoutvoffset=\dimen110
\Gm@dimlist=\toks15
)
(/usr/share/texlive/texmf-dist/tex/latex/graphics/color.sty
Package: color 2005/11/14 v1.0j Standard LaTeX Color (DPC)

(/usr/share/texlive/texmf-dist/tex/latex/latexconfig/color.cfg
File: color.cfg 2007/01/18 v1.5 color configuration of teTeX/TeXLive
)
Package color Info: Driver file: pdftex.def on input line 130.

(/usr/share/texlive/texmf-dist/tex/latex/pdftex-def/pdftex.def
File: pdftex.def 2011/05/27 v0.06d Graphics/color for pdfTeX

(/usr/share/texlive/texmf-dist/tex/generic/oberdiek/infwarerr.sty
Package: infwarerr 2010/04/08 v1.3 Providing info/warning/error messages (HO)
)
(/usr/share/texlive/texmf-dist/tex/generic/oberdiek/ltxcmds.sty
Package: ltxcmds 2011/11/09 v1.22 LaTeX kernel commands for general use (HO)
)
\Gread@gobject=\count90
)
(/usr/share/texlive/texmf-dist/tex/latex/graphics/dvipsnam.def
File: dvipsnam.def 1999/02/16 v3.0i Driver-dependant file (DPC,SPQR)
))
(/usr/share/texlive/texmf-dist/tex/latex/graphics/graphicx.sty
Package: graphicx 1999/02/16 v1.0f Enhanced LaTeX Graphics (DPC,SPQR)

(/usr/share/texlive/texmf-dist/tex/latex/graphics/graphics.sty
Package: graphics 2009/02/05 v1.0o Standard LaTeX Graphics (DPC,SPQR)

(/usr/share/texlive/texmf-dist/tex/latex/graphics/trig.sty
Package: trig 1999/03/16 v1.09 sin cos tan (DPC)
)
(/usr/share/texlive/texmf-dist/tex/latex/latexconfig/graphics.cfg
File: graphics.cfg 2010/04/23 v1.9 graphics configuration of TeX Live
)
Package graphics Info: Driver file: pdftex.def on input line 91.
)
\Gin@req@height=\dimen111
\Gin@req@width=\dimen112
)
(/usr/share/texlive/texmf-dist/tex/latex/tools/multicol.sty
Package: multicol 2011/06/27 v1.7a multicolumn formatting (FMi)
\c@tracingmulticols=\count91
\mult@box=\box26
\multicol@leftmargin=\dimen113
\c@unbalance=\count92
\c@collectmore=\count93
\doublecol@number=\count94
\multicoltolerance=\count95
\multicolpretolerance=\count96
\full@width=\dimen114
\page@free=\dimen115
\premulticols=\dimen116
\postmulticols=\dimen117
\multicolsep=\skip43
\multicolbaselineskip=\skip44
\partial@page=\box27
\last@line=\box28
\mult@rightbox=\box29
\mult@grightbox=\box30
\mult@gfirstbox=\box31
\mult@firstbox=\box32
\@tempa=\box33
\@tempa=\box34
\@tempa=\box35
\@tempa=\box36
\@tempa=\box37
\@tempa=\box38
\@tempa=\box39
\@tempa=\box40
\@tempa=\box41
\@tempa=\box42
\@tempa=\box43
\@tempa=\box44
\@tempa=\box45
\@tempa=\box46
\@tempa=\box47
\@tempa=\box48
\@tempa=\box49
\c@columnbadness=\count97
\c@finalcolumnbadness=\count98
\last@try=\dimen118
\multicolovershoot=\dimen119
\multicolundershoot=\dimen120
\mult@nat@firstbox=\box50
\colbreak@box=\box51
\multicol@sort@counter=\count99
)
(/usr/share/texlive/texmf-dist/tex/latex/multirow/multirow.sty
\bigstrutjot=\dimen121
)
(/usr/share/texlive/texmf-dist/tex/latex/colortbl/colortbl.sty
Package: colortbl 2012/02/13 v1.0a Color table columns (DPC)

(/usr/share/texlive/texmf-dist/tex/latex/tools/array.sty
Package: array 2008/09/09 v2.4c Tabular extension package (FMi)
\col@sep=\dimen122
\extrarowheight=\dimen123
\NC@list=\toks16
\extratabsurround=\skip45
\backup@length=\skip46
)
\everycr=\toks17
\minrowclearance=\skip47
)
(/usr/share/texlive/texmf-dist/tex/latex/rotating/rotating.sty
Package: rotating 2009/03/28 v2.16a rotated objects in LaTeX

(/usr/share/texlive/texmf-dist/tex/latex/base/ifthen.sty
Package: ifthen 2001/05/26 v1.1c Standard LaTeX ifthen package (DPC)
)
\c@r@tfl@t=\count100
\rotFPtop=\skip48
\rotFPbot=\skip49
\rot@float@box=\box52
\rot@mess@toks=\toks18
) (./planner.aux)
\openout1 = `planner.aux'.

LaTeX Font Info:    Checking defaults for OML/cmm/m/it on input line 44.
LaTeX Font Info:    ... okay on input line 44.
LaTeX Font Info:    Checking defaults for T1/cmr/m/n on input line 44.
LaTeX Font Info:    ... okay on input line 44.
LaTeX Font Info:    Checking defaults for OT1/cmr/m/n on input line 44.
LaTeX Font Info:    ... okay on input line 44.
LaTeX Font Info:    Checking defaults for OMS/cmsy/m/n on input line 44.
LaTeX Font Info:    ... okay on input line 44.
LaTeX Font Info:    Checking defaults for OMX/cmex/m/n on input line 44.
LaTeX Font Info:    ... okay on input line 44.
LaTeX Font Info:    Checking defaults for U/cmr/m/n on input line 44.
LaTeX Font Info:    ... okay on input line 44.
LaTeX Font Info:    Try loading font information for T1+pplx on input line 44.

(/usr/share/texlive/texmf-dist/tex/latex/psnfss/t1pplx.fd
File: t1pplx.fd 2004/09/06 font definitions for T1/pplx.
)
\big@size=\dimen124

*geometry* driver: auto-detecting
*geometry* detected driver: pdftex
*geometry* verbose mode - [ preamble ] result:
* driver: pdftex
* paper: custom
* layout: <same size as paper>
* layoutoffset:(h,v)=(0.0pt,0.0pt)
* modes: 
* h-part:(L,W,R)=(0.0pt, 505.89pt, 0.0pt)
* v-part:(T,H,B)=(0.0pt, 614.295pt, 0.0pt)
* \paperwidth=505.89pt
* \paperheight=614.295pt
* \textwidth=505.89pt
* \textheight=614.295pt
* \oddsidemargin=-72.26999pt
* \evensidemargin=-72.26999pt
* \topmargin=-72.26999pt
* \headheight=0.0pt
* \headsep=0.0pt
* \topskip=12.0pt
* \footskip=0.0pt
* \marginparwidth=44.0pt
* \marginparsep=10.0pt
* \columnsep=10.0pt
* \skip\footins=10.8pt plus 4.0pt minus 2.0pt
* \hoffset=0.0pt
* \voffset=0.0pt
* \mag=1000
* \@twocolumnfalse
* \@twosidefalse
* \@mparswitchfalse
* \@reversemarginfalse
* (1in=72.27pt=25.4mm, 1cm=28.453pt)

(/usr/share/texlive/texmf-dist/tex/context/base/supp-pdf.mkii
[Loading MPS to PDF converter (version 2006.09.02).]
\scratchcounter=\count101
\scratchdimen=\dimen125
\scratchbox=\box53
\nofMPsegments=\count102
\nofMParguments=\count103
\everyMPshowfont=\toks19
\MPscratchCnt=\count104
\MPscratchDim=\dimen126
\MPnumerator=\count105
\makeMPintoPDFobject=\count106
\everyMPtoPDFconversion=\toks20
) (/usr/share/texlive/texmf-dist/tex/generic/oberdiek/pdftexcmds.sty
Package: pdftexcmds 2011/11/29 v0.20 Utility functions of pdfTeX for LuaTeX (HO
)

(/usr/share/texlive/texmf-dist/tex/generic/oberdiek/ifluatex.sty
Package: ifluatex 2010/03/01 v1.3 Provides the ifluatex switch (HO)
Package ifluatex Info: LuaTeX not detected.
)
Package pdftexcmds Info: LuaTeX not detected.
Package pdftexcmds Info: \pdf@primitive is available.
Package pdftexcmds Info: \pdf@ifprimitive is available.
Package pdftexcmds Info: \pdfdraftmode found.
)
(/usr/share/texlive/texmf-dist/tex/latex/oberdiek/epstopdf-base.sty
Package: epstopdf-base 2010/02/09 v2.5 Base part for package epstopdf

(/usr/share/texlive/texmf-dist/tex/latex/oberdiek/grfext.sty
Package: grfext 2010/08/19 v1.1 Manage graphics extensions (HO)

(/usr/share/texlive/texmf-dist/tex/generic/oberdiek/kvdefinekeys.sty
Package: kvdefinekeys 2011/04/07 v1.3 Define keys (HO)
))
(/usr/share/texlive/texmf-dist/tex/latex/oberdiek/kvoptions.sty
Package: kvoptions 2011/06/30 v3.11 Key value format for package options (HO)

(/usr/share/texlive/texmf-dist/tex/generic/oberdiek/kvsetkeys.sty
Package: kvsetkeys 2012/04/25 v1.16 Key value parser (HO)

(/usr/share/texlive/texmf-dist/tex/generic/oberdiek/etexcmds.sty
Package: etexcmds 2011/02/16 v1.5 Avoid name clashes with e-TeX commands (HO)
Package etexcmds Info: Could not find \expanded.
(etexcmds)             That can mean that you are not using pdfTeX 1.50 or
(etexcmds)             that some package has redefined \expanded.
(etexcmds)             In the latter case, load this package earlier.
)))
Package grfext Info: Graphics extension search list:
(grfext)             [.png,.pdf,.jpg,.mps,.jpeg,.jbig2,.jb2,.PNG,.PDF,.JPG,.JPE
G,.JBIG2,.JB2,.eps]
(grfext)             \AppendGraphicsExtensions on input line 452.

(/usr/share/texlive/texmf-dist/tex/latex/latexconfig/epstopdf-sys.cfg
File: epstopdf-sys.cfg 2010/07/13 v1.3 Configuration of (r)epstopdf for TeX Liv
e
))
LaTeX Font Info:    Try loading font information for OT1+pplx on input line 77.


(/usr/share/texlive/texmf-dist/tex/latex/psnfss/ot1pplx.fd
File: ot1pplx.fd 2004/09/06 font definitions for OT1/pplx.
)
LaTeX Font Info:    Try loading font information for OML+zplm on input line 77.


(/usr/share/texlive/texmf-dist/tex/latex/psnfss/omlzplm.fd
File: omlzplm.fd 2002/09/08 Fontinst v1.914 font definitions for OML/zplm.
)
LaTeX Font Info:    Try loading font information for OMS+zplm on input line 77.


(/usr/share/texlive/texmf-dist/tex/latex/psnfss/omszplm.fd
File: omszplm.fd 2002/09/08 Fontinst v1.914 font definitions for OMS/zplm.
)
LaTeX Font Info:    Try loading font information for OMX+zplm on input line 77.


(/usr/share/texlive/texmf-dist/tex/latex/psnfss/omxzplm.fd
File: omxzplm.fd 2002/09/08 Fontinst v1.914 font definitions for OMX/zplm.
)
LaTeX Font Info:    Try loading font information for OT1+zplm on input line 77.


(/usr/share/texlive/texmf-dist/tex/latex/psnfss/ot1zplm.fd
File: ot1zplm.fd 2002/09/08 Fontinst v1.914 font definitions for OT1/zplm.
)
LaTeX Font Info:    Font shape `T1/pplx/bx/n' in size <20.74> not available
(Font)              Font shape `T1/pplx/b/n' tried instead on input line 84.

Underfull \hbox (badness 10000) in alignment at lines 77--94
[][][][][][][] [] 
 []


Overfull \hbox (17.62482pt too wide) in paragraph at lines 77--95
[][] 
 []

[1

{/var/lib/texmf/fonts/map/pdftex/updmap/pdftex.map}] (./page1.pdf_tex
<page1.pdf, id=8, 505.89pt x 614.295pt>
File: page1.pdf Graphic file (type pdf)
 <use page1.pdf>
Package pdftex.def Info: page1.pdf used on input line 52.
(pdftex.def)             Requested size: 505.89pt x 614.30286pt.
LaTeX Font Info:    Font shape `T1/pplx/bx/n' in size <12> not available
(Font)              Font shape `T1/pplx/b/n' tried instead on input line 59.
) (./page2.pdf_tex
<page2.pdf, id=9, 505.89pt x 614.295pt>
File: page2.pdf Graphic file (type pdf)
 <use page2.pdf>
Package pdftex.def Info: page2.pdf used on input line 52.
(pdftex.def)             Requested size: 505.89pt x 614.30286pt.
) [2 <./page1.pdf>]
[3 <./page2.pdf>] [4]
Underfull \hbox (badness 10000) in alignment at lines 136--153
[][][][][][][] [] 
 []


Overfull \hbox (17.62482pt too wide) in paragraph at lines 136--154
[][] 
 []

[5] (./page1.pdf_tex
File: page1.pdf Graphic file (type pdf)
 <use page1.pdf>
Package pdftex.def Info: page1.pdf used on input line 52.
(pdftex.def)             Requested size: 505.89pt x 614.30286pt.
) (./page2.pdf_tex
File: page2.pdf Graphic file (type pdf)
 <use page2.pdf>
Package pdftex.def Info: page2.pdf used on input line 52.
(pdftex.def)             Requested size: 505.89pt x 614.30286pt.
)
(./page1.pdf_tex
File: page1.pdf Graphic file (type pdf)
 <use page1.pdf>
Package pdftex.def Info: page1.pdf used on input line 52.
(pdftex.def)             Requested size: 505.89pt x 614.30286pt.
) [6] (./page2.pdf_tex
File: page2.pdf Graphic file (type pdf)
 <use page2.pdf>
Package pdftex.def Info: page2.pdf used on input line 52.
(pdftex.def)             Requested size: 505.89pt x 614.30286pt.
)
[7] (./page1.pdf_tex
File: page1.pdf Graphic file (type pdf)
 <use page1.pdf>
Package pdftex.def Info: page1.pdf used on input line 52.
(pdftex.def)             Requested size: 505.89pt x 614.30286pt.
) [8] (./page2.pdf_tex
File: page2.pdf Graphic file (type pdf)
 <use page2.pdf>
Package pdftex.def Info: page2.pdf used on input line 52.
(pdftex.def)             Requested size: 505.89pt x 614.30286pt.
)
[9] (./page1.pdf_tex
File: page1.pdf Graphic file (type pdf)
 <use page1.pdf>
Package pdftex.def Info: page1.pdf used on input line 52.
(pdftex.def)             Requested size: 505.89pt x 614.30286pt.
) [10] (./page2.pdf_tex
File: page2.pdf Graphic file (type pdf)
 <use page2.pdf>
Package pdftex.def Info: page2.pdf used on input line 52.
(pdftex.def)             Requested size: 505.89pt x 614.30286pt.
)
[11] (./page1.pdf_tex
File: page1.pdf Graphic file (type pdf)
 <use page1.pdf>
Package pdftex.def Info: page1.pdf used on input line 52.
(pdftex.def)             Requested size: 505.89pt x 614.30286pt.
) [12] (./page2.pdf_tex
File: page2.pdf Graphic file (type pdf)
 <use page2.pdf>
Package pdftex.def Info: page2.pdf used on input line 52.
(pdftex.def)             Requested size: 505.89pt x 614.30286pt.
)
[13] [14] [15] [16]
Underfull \hbox (badness 10000) in alignment at lines 311--328
[][][][][][][] [] 
 []


Overfull \hbox (17.62482pt too wide) in paragraph at lines 311--329
[][] 
 []

[17] (./page1.pdf_tex
File: page1.pdf Graphic file (type pdf)
 <use page1.pdf>
Package pdftex.def Info: page1.pdf used on input line 52.
(pdftex.def)             Requested size: 505.89pt x 614.30286pt.
) (./page2.pdf_tex
File: page2.pdf Graphic file (type pdf)
 <use page2.pdf>
Package pdftex.def Info: page2.pdf used on input line 52.
(pdftex.def)             Requested size: 505.89pt x 614.30286pt.
)
(./page1.pdf_tex
File: page1.pdf Graphic file (type pdf)
 <use page1.pdf>
Package pdftex.def Info: page1.pdf used on input line 52.
(pdftex.def)             Requested size: 505.89pt x 614.30286pt.
) [18] (./page2.pdf_tex
File: page2.pdf Graphic file (type pdf)
 <use page2.pdf>
Package pdftex.def Info: page2.pdf used on input line 52.
(pdftex.def)             Requested size: 505.89pt x 614.30286pt.
)
[19] (./page1.pdf_tex
File: page1.pdf Graphic file (type pdf)
 <use page1.pdf>
Package pdftex.def Info: page1.pdf used on input line 52.
(pdftex.def)             Requested size: 505.89pt x 614.30286pt.
) [20] (./page2.pdf_tex
File: page2.pdf Graphic file (type pdf)
 <use page2.pdf>
Package pdftex.def Info: page2.pdf used on input line 52.
(pdftex.def)             Requested size: 505.89pt x 614.30286pt.
)
[21] (./page1.pdf_tex
File: page1.pdf Graphic file (type pdf)
 <use page1.pdf>
Package pdftex.def Info: page1.pdf used on input line 52.
(pdftex.def)             Requested size: 505.89pt x 614.30286pt.
) [22] (./page2.pdf_tex
File: page2.pdf Graphic file (type pdf)
 <use page2.pdf>
Package pdftex.def Info: page2.pdf used on input line 52.
(pdftex.def)             Requested size: 505.89pt x 614.30286pt.
)
[23] [24] [25] [26]
Underfull \hbox (badness 10000) in alignment at lines 457--474
[][][][][][][] [] 
 []


Overfull \hbox (17.62482pt too wide) in paragraph at lines 457--475
[][] 
 []

[27] (./page1.pdf_tex
File: page1.pdf Graphic file (type pdf)
 <use page1.pdf>
Package pdftex.def Info: page1.pdf used on input line 52.
(pdftex.def)             Requested size: 505.89pt x 614.30286pt.
) (./page2.pdf_tex
File: page2.pdf Graphic file (type pdf)
 <use page2.pdf>
Package pdftex.def Info: page2.pdf used on input line 52.
(pdftex.def)             Requested size: 505.89pt x 614.30286pt.
)
(./page1.pdf_tex
File: page1.pdf Graphic file (type pdf)
 <use page1.pdf>
Package pdftex.def Info: page1.pdf used on input line 52.
(pdftex.def)             Requested size: 505.89pt x 614.30286pt.
) [28] (./page2.pdf_tex
File: page2.pdf Graphic file (type pdf)
 <use page2.pdf>
Package pdftex.def Info: page2.pdf used on input line 52.
(pdftex.def)             Requested size: 505.89pt x 614.30286pt.
)
[29] (./page1.pdf_tex
File: page1.pdf Graphic file (type pdf)
 <use page1.pdf>
Package pdftex.def Info: page1.pdf used on input line 52.
(pdftex.def)             Requested size: 505.89pt x 614.30286pt.
) [30] (./page2.pdf_tex
File: page2.pdf Graphic file (type pdf)
 <use page2.pdf>
Package pdftex.def Info: page2.pdf used on input line 52.
(pdftex.def)             Requested size: 505.89pt x 614.30286pt.
)
[31] (./page1.pdf_tex
File: page1.pdf Graphic file (type pdf)
 <use page1.pdf>
Package pdftex.def Info: page1.pdf used on input line 52.
(pdftex.def)             Requested size: 505.89pt x 614.30286pt.
) [32] (./page2.pdf_tex
File: page2.pdf Graphic file (type pdf)
 <use page2.pdf>
Package pdftex.def Info: page2.pdf used on input line 52.
(pdftex.def)             Requested size: 505.89pt x 614.30286pt.
)
[33] [34] [35] [36]
Underfull \hbox (badness 10000) in alignment at lines 603--620
[][][][][][][] [] 
 []


Overfull \hbox (17.62482pt too wide) in paragraph at lines 603--621
[][] 
 []

[37] (./page1.pdf_tex
File: page1.pdf Graphic file (type pdf)
 <use page1.pdf>
Package pdftex.def Info: page1.pdf used on input line 52.
(pdftex.def)             Requested size: 505.89pt x 614.30286pt.
) (./page2.pdf_tex
File: page2.pdf Graphic file (type pdf)
 <use page2.pdf>
Package pdftex.def Info: page2.pdf used on input line 52.
(pdftex.def)             Requested size: 505.89pt x 614.30286pt.
)
(./page1.pdf_tex
File: page1.pdf Graphic file (type pdf)
 <use page1.pdf>
Package pdftex.def Info: page1.pdf used on input line 52.
(pdftex.def)             Requested size: 505.89pt x 614.30286pt.
) [38] (./page2.pdf_tex
File: page2.pdf Graphic file (type pdf)
 <use page2.pdf>
Package pdftex.def Info: page2.pdf used on input line 52.
(pdftex.def)             Requested size: 505.89pt x 614.30286pt.
)
[39] (./page1.pdf_tex
File: page1.pdf Graphic file (type pdf)
 <use page1.pdf>
Package pdftex.def Info: page1.pdf used on input line 52.
(pdftex.def)             Requested size: 505.89pt x 614.30286pt.
) [40] (./page2.pdf_tex
File: page2.pdf Graphic file (type pdf)
 <use page2.pdf>
Package pdftex.def Info: page2.pdf used on input line 52.
(pdftex.def)             Requested size: 505.89pt x 614.30286pt.
)
[41] (./page1.pdf_tex
File: page1.pdf Graphic file (type pdf)
 <use page1.pdf>
Package pdftex.def Info: page1.pdf used on input line 52.
(pdftex.def)             Requested size: 505.89pt x 614.30286pt.
) [42] (./page2.pdf_tex
File: page2.pdf Graphic file (type pdf)
 <use page2.pdf>
Package pdftex.def Info: page2.pdf used on input line 52.
(pdftex.def)             Requested size: 505.89pt x 614.30286pt.
)
[43] [44] [45] [46]
Underfull \hbox (badness 10000) in alignment at lines 749--766
[][][][][][][] [] 
 []


Overfull \hbox (17.62482pt too wide) in paragraph at lines 749--767
[][] 
 []

[47] (./page1.pdf_tex
File: page1.pdf Graphic file (type pdf)
 <use page1.pdf>
Package pdftex.def Info: page1.pdf used on input line 52.
(pdftex.def)             Requested size: 505.89pt x 614.30286pt.
) (./page2.pdf_tex
File: page2.pdf Graphic file (type pdf)
 <use page2.pdf>
Package pdftex.def Info: page2.pdf used on input line 52.
(pdftex.def)             Requested size: 505.89pt x 614.30286pt.
)
(./page1.pdf_tex
File: page1.pdf Graphic file (type pdf)
 <use page1.pdf>
Package pdftex.def Info: page1.pdf used on input line 52.
(pdftex.def)             Requested size: 505.89pt x 614.30286pt.
) [48] (./page2.pdf_tex
File: page2.pdf Graphic file (type pdf)
 <use page2.pdf>
Package pdftex.def Info: page2.pdf used on input line 52.
(pdftex.def)             Requested size: 505.89pt x 614.30286pt.
)
[49] (./page1.pdf_tex
File: page1.pdf Graphic file (type pdf)
 <use page1.pdf>
Package pdftex.def Info: page1.pdf used on input line 52.
(pdftex.def)             Requested size: 505.89pt x 614.30286pt.
) [50] (./page2.pdf_tex
File: page2.pdf Graphic file (type pdf)
 <use page2.pdf>
Package pdftex.def Info: page2.pdf used on input line 52.
(pdftex.def)             Requested size: 505.89pt x 614.30286pt.
)
[51] (./page1.pdf_tex
File: page1.pdf Graphic file (type pdf)
 <use page1.pdf>
Package pdftex.def Info: page1.pdf used on input line 52.
(pdftex.def)             Requested size: 505.89pt x 614.30286pt.
) [52] (./page2.pdf_tex
File: page2.pdf Graphic file (type pdf)
 <use page2.pdf>
Package pdftex.def Info: page2.pdf used on input line 52.
(pdftex.def)             Requested size: 505.89pt x 614.30286pt.
)
[53] (./page1.pdf_tex
File: page1.pdf Graphic file (type pdf)
 <use page1.pdf>
Package pdftex.def Info: page1.pdf used on input line 52.
(pdftex.def)             Requested size: 505.89pt x 614.30286pt.
) [54] (./page2.pdf_tex
File: page2.pdf Graphic file (type pdf)
 <use page2.pdf>
Package pdftex.def Info: page2.pdf used on input line 52.
(pdftex.def)             Requested size: 505.89pt x 614.30286pt.
)
[55] [56] [57] [58]
Underfull \hbox (badness 10000) in alignment at lines 924--941
[][][][][][][] [] 
 []


Overfull \hbox (17.62482pt too wide) in paragraph at lines 924--942
[][] 
 []

[59] (./page1.pdf_tex
File: page1.pdf Graphic file (type pdf)
 <use page1.pdf>
Package pdftex.def Info: page1.pdf used on input line 52.
(pdftex.def)             Requested size: 505.89pt x 614.30286pt.
) (./page2.pdf_tex
File: page2.pdf Graphic file (type pdf)
 <use page2.pdf>
Package pdftex.def Info: page2.pdf used on input line 52.
(pdftex.def)             Requested size: 505.89pt x 614.30286pt.
)
(./page1.pdf_tex
File: page1.pdf Graphic file (type pdf)
 <use page1.pdf>
Package pdftex.def Info: page1.pdf used on input line 52.
(pdftex.def)             Requested size: 505.89pt x 614.30286pt.
) [60] (./page2.pdf_tex
File: page2.pdf Graphic file (type pdf)
 <use page2.pdf>
Package pdftex.def Info: page2.pdf used on input line 52.
(pdftex.def)             Requested size: 505.89pt x 614.30286pt.
)
[61] (./page1.pdf_tex
File: page1.pdf Graphic file (type pdf)
 <use page1.pdf>
Package pdftex.def Info: page1.pdf used on input line 52.
(pdftex.def)             Requested size: 505.89pt x 614.30286pt.
) [62] (./page2.pdf_tex
File: page2.pdf Graphic file (type pdf)
 <use page2.pdf>
Package pdftex.def Info: page2.pdf used on input line 52.
(pdftex.def)             Requested size: 505.89pt x 614.30286pt.
)
[63] (./page1.pdf_tex
File: page1.pdf Graphic file (type pdf)
 <use page1.pdf>
Package pdftex.def Info: page1.pdf used on input line 52.
(pdftex.def)             Requested size: 505.89pt x 614.30286pt.
) [64] (./page2.pdf_tex
File: page2.pdf Graphic file (type pdf)
 <use page2.pdf>
Package pdftex.def Info: page2.pdf used on input line 52.
(pdftex.def)             Requested size: 505.89pt x 614.30286pt.
)
[65] [66] [67] [68]
Underfull \hbox (badness 10000) in alignment at lines 1070--1088
[][][][][][][] [] 
 []


Overfull \hbox (17.62482pt too wide) in paragraph at lines 1070--1089
[][] 
 []

[69] (./page1.pdf_tex
File: page1.pdf Graphic file (type pdf)
 <use page1.pdf>
Package pdftex.def Info: page1.pdf used on input line 52.
(pdftex.def)             Requested size: 505.89pt x 614.30286pt.
) (./page2.pdf_tex
File: page2.pdf Graphic file (type pdf)
 <use page2.pdf>
Package pdftex.def Info: page2.pdf used on input line 52.
(pdftex.def)             Requested size: 505.89pt x 614.30286pt.
)
(./page1.pdf_tex
File: page1.pdf Graphic file (type pdf)
 <use page1.pdf>
Package pdftex.def Info: page1.pdf used on input line 52.
(pdftex.def)             Requested size: 505.89pt x 614.30286pt.
) [70] (./page2.pdf_tex
File: page2.pdf Graphic file (type pdf)
 <use page2.pdf>
Package pdftex.def Info: page2.pdf used on input line 52.
(pdftex.def)             Requested size: 505.89pt x 614.30286pt.
)
[71] (./page1.pdf_tex
File: page1.pdf Graphic file (type pdf)
 <use page1.pdf>
Package pdftex.def Info: page1.pdf used on input line 52.
(pdftex.def)             Requested size: 505.89pt x 614.30286pt.
) [72] (./page2.pdf_tex
File: page2.pdf Graphic file (type pdf)
 <use page2.pdf>
Package pdftex.def Info: page2.pdf used on input line 52.
(pdftex.def)             Requested size: 505.89pt x 614.30286pt.
)
[73] (./page1.pdf_tex
File: page1.pdf Graphic file (type pdf)
 <use page1.pdf>
Package pdftex.def Info: page1.pdf used on input line 52.
(pdftex.def)             Requested size: 505.89pt x 614.30286pt.
) [74] (./page2.pdf_tex
File: page2.pdf Graphic file (type pdf)
 <use page2.pdf>
Package pdftex.def Info: page2.pdf used on input line 52.
(pdftex.def)             Requested size: 505.89pt x 614.30286pt.
)
[75] (./page1.pdf_tex
File: page1.pdf Graphic file (type pdf)
 <use page1.pdf>
Package pdftex.def Info: page1.pdf used on input line 52.
(pdftex.def)             Requested size: 505.89pt x 614.30286pt.
) [76] (./page2.pdf_tex
File: page2.pdf Graphic file (type pdf)
 <use page2.pdf>
Package pdftex.def Info: page2.pdf used on input line 52.
(pdftex.def)             Requested size: 505.89pt x 614.30286pt.
)
[77] [78] [79] [80]
Underfull \hbox (badness 10000) in alignment at lines 1246--1263
[][][][][][][] [] 
 []


Overfull \hbox (17.62482pt too wide) in paragraph at lines 1246--1264
[][] 
 []

[81] (./page1.pdf_tex
File: page1.pdf Graphic file (type pdf)
 <use page1.pdf>
Package pdftex.def Info: page1.pdf used on input line 52.
(pdftex.def)             Requested size: 505.89pt x 614.30286pt.
) (./page2.pdf_tex
File: page2.pdf Graphic file (type pdf)
 <use page2.pdf>
Package pdftex.def Info: page2.pdf used on input line 52.
(pdftex.def)             Requested size: 505.89pt x 614.30286pt.
)
(./page1.pdf_tex
File: page1.pdf Graphic file (type pdf)
 <use page1.pdf>
Package pdftex.def Info: page1.pdf used on input line 52.
(pdftex.def)             Requested size: 505.89pt x 614.30286pt.
) [82] (./page2.pdf_tex
File: page2.pdf Graphic file (type pdf)
 <use page2.pdf>
Package pdftex.def Info: page2.pdf used on input line 52.
(pdftex.def)             Requested size: 505.89pt x 614.30286pt.
)
[83] (./page1.pdf_tex
File: page1.pdf Graphic file (type pdf)
 <use page1.pdf>
Package pdftex.def Info: page1.pdf used on input line 52.
(pdftex.def)             Requested size: 505.89pt x 614.30286pt.
) [84] (./page2.pdf_tex
File: page2.pdf Graphic file (type pdf)
 <use page2.pdf>
Package pdftex.def Info: page2.pdf used on input line 52.
(pdftex.def)             Requested size: 505.89pt x 614.30286pt.
)
[85] (./page1.pdf_tex
File: page1.pdf Graphic file (type pdf)
 <use page1.pdf>
Package pdftex.def Info: page1.pdf used on input line 52.
(pdftex.def)             Requested size: 505.89pt x 614.30286pt.
) [86] (./page2.pdf_tex
File: page2.pdf Graphic file (type pdf)
 <use page2.pdf>
Package pdftex.def Info: page2.pdf used on input line 52.
(pdftex.def)             Requested size: 505.89pt x 614.30286pt.
)
[87] [88] [89] [90]
Underfull \hbox (badness 10000) in alignment at lines 1392--1409
[][][][][][][] [] 
 []


Overfull \hbox (17.62482pt too wide) in paragraph at lines 1392--1410
[][] 
 []

[91] (./page1.pdf_tex
File: page1.pdf Graphic file (type pdf)
 <use page1.pdf>
Package pdftex.def Info: page1.pdf used on input line 52.
(pdftex.def)             Requested size: 505.89pt x 614.30286pt.
) (./page2.pdf_tex
File: page2.pdf Graphic file (type pdf)
 <use page2.pdf>
Package pdftex.def Info: page2.pdf used on input line 52.
(pdftex.def)             Requested size: 505.89pt x 614.30286pt.
)
(./page1.pdf_tex
File: page1.pdf Graphic file (type pdf)
 <use page1.pdf>
Package pdftex.def Info: page1.pdf used on input line 52.
(pdftex.def)             Requested size: 505.89pt x 614.30286pt.
) [92] (./page2.pdf_tex
File: page2.pdf Graphic file (type pdf)
 <use page2.pdf>
Package pdftex.def Info: page2.pdf used on input line 52.
(pdftex.def)             Requested size: 505.89pt x 614.30286pt.
)
[93] (./page1.pdf_tex
File: page1.pdf Graphic file (type pdf)
 <use page1.pdf>
Package pdftex.def Info: page1.pdf used on input line 52.
(pdftex.def)             Requested size: 505.89pt x 614.30286pt.
) [94] (./page2.pdf_tex
File: page2.pdf Graphic file (type pdf)
 <use page2.pdf>
Package pdftex.def Info: page2.pdf used on input line 52.
(pdftex.def)             Requested size: 505.89pt x 614.30286pt.
)
[95] (./page1.pdf_tex
File: page1.pdf Graphic file (type pdf)
 <use page1.pdf>
Package pdftex.def Info: page1.pdf used on input line 52.
(pdftex.def)             Requested size: 505.89pt x 614.30286pt.
) [96] (./page2.pdf_tex
File: page2.pdf Graphic file (type pdf)
 <use page2.pdf>
Package pdftex.def Info: page2.pdf used on input line 52.
(pdftex.def)             Requested size: 505.89pt x 614.30286pt.
)
[97] [98] [99] [100]
Underfull \hbox (badness 10000) in alignment at lines 1538--1555
[][][][][][][] [] 
 []


Overfull \hbox (17.62482pt too wide) in paragraph at lines 1538--1556
[][] 
 []

[101] (./page1.pdf_tex
File: page1.pdf Graphic file (type pdf)
 <use page1.pdf>
Package pdftex.def Info: page1.pdf used on input line 52.
(pdftex.def)             Requested size: 505.89pt x 614.30286pt.
) (./page2.pdf_tex
File: page2.pdf Graphic file (type pdf)
 <use page2.pdf>
Package pdftex.def Info: page2.pdf used on input line 52.
(pdftex.def)             Requested size: 505.89pt x 614.30286pt.
)
(./page1.pdf_tex
File: page1.pdf Graphic file (type pdf)
 <use page1.pdf>
Package pdftex.def Info: page1.pdf used on input line 52.
(pdftex.def)             Requested size: 505.89pt x 614.30286pt.
) [102] (./page2.pdf_tex
File: page2.pdf Graphic file (type pdf)
 <use page2.pdf>
Package pdftex.def Info: page2.pdf used on input line 52.
(pdftex.def)             Requested size: 505.89pt x 614.30286pt.
)
[103] (./page1.pdf_tex
File: page1.pdf Graphic file (type pdf)
 <use page1.pdf>
Package pdftex.def Info: page1.pdf used on input line 52.
(pdftex.def)             Requested size: 505.89pt x 614.30286pt.
) [104] (./page2.pdf_tex
File: page2.pdf Graphic file (type pdf)
 <use page2.pdf>
Package pdftex.def Info: page2.pdf used on input line 52.
(pdftex.def)             Requested size: 505.89pt x 614.30286pt.
) [105] (./page1.pdf_tex
File: page1.pdf Graphic file (type pdf)
 <use page1.pdf>
Package pdftex.def Info: page1.pdf used on input line 52.
(pdftex.def)             Requested size: 505.89pt x 614.30286pt.
) [106] (./page2.pdf_tex
File: page2.pdf Graphic file (type pdf)

<use page2.pdf>
Package pdftex.def Info: page2.pdf used on input line 52.
(pdftex.def)             Requested size: 505.89pt x 614.30286pt.
) [107] (./page1.pdf_tex
File: page1.pdf Graphic file (type pdf)
 <use page1.pdf>
Package pdftex.def Info: page1.pdf used on input line 52.
(pdftex.def)             Requested size: 505.89pt x 614.30286pt.
) [108] (./page2.pdf_tex
File: page2.pdf Graphic file (type pdf)
<use page2.pdf>
Package pdftex.def Info: page2.pdf used on input line 52.
(pdftex.def)             Requested size: 505.89pt x 614.30286pt.
) [109] [110] [111] [112]
Underfull \hbox (badness 10000) in alignment at lines 1713--1730
[][][][][][][] [] 
 []


Overfull \hbox (17.62482pt too wide) in paragraph at lines 1713--1731
[][] 
 []

[113] (./page1.pdf_tex
File: page1.pdf Graphic file (type pdf)
 <use page1.pdf>
Package pdftex.def Info: page1.pdf used on input line 52.
(pdftex.def)             Requested size: 505.89pt x 614.30286pt.
) (./page2.pdf_tex
File: page2.pdf Graphic file (type pdf)
 <use page2.pdf>
Package pdftex.def Info: page2.pdf used on input line 52.
(pdftex.def)             Requested size: 505.89pt x 614.30286pt.
)
(./page1.pdf_tex
File: page1.pdf Graphic file (type pdf)
 <use page1.pdf>
Package pdftex.def Info: page1.pdf used on input line 52.
(pdftex.def)             Requested size: 505.89pt x 614.30286pt.
) [114] (./page2.pdf_tex
File: page2.pdf Graphic file (type pdf)
 <use page2.pdf>
Package pdftex.def Info: page2.pdf used on input line 52.
(pdftex.def)             Requested size: 505.89pt x 614.30286pt.
)
[115] (./page1.pdf_tex
File: page1.pdf Graphic file (type pdf)
 <use page1.pdf>
Package pdftex.def Info: page1.pdf used on input line 52.
(pdftex.def)             Requested size: 505.89pt x 614.30286pt.
) [116] (./page2.pdf_tex
File: page2.pdf Graphic file (type pdf)
 <use page2.pdf>
Package pdftex.def Info: page2.pdf used on input line 52.
(pdftex.def)             Requested size: 505.89pt x 614.30286pt.
) [117] (./page1.pdf_tex
File: page1.pdf Graphic file (type pdf)
 <use page1.pdf>
Package pdftex.def Info: page1.pdf used on input line 52.
(pdftex.def)             Requested size: 505.89pt x 614.30286pt.
) [118] (./page2.pdf_tex
File: page2.pdf Graphic file (type pdf)

<use page2.pdf>
Package pdftex.def Info: page2.pdf used on input line 52.
(pdftex.def)             Requested size: 505.89pt x 614.30286pt.
) [119] [120] [121] [122]
Underfull \hbox (badness 10000) in alignment at lines 1859--1876
[][][][][][][] [] 
 []


Overfull \hbox (17.62482pt too wide) in paragraph at lines 1859--1877
[][] 
 []

[123] (./page1.pdf_tex
File: page1.pdf Graphic file (type pdf)
 <use page1.pdf>
Package pdftex.def Info: page1.pdf used on input line 52.
(pdftex.def)             Requested size: 505.89pt x 614.30286pt.
) (./page2.pdf_tex
File: page2.pdf Graphic file (type pdf)
 <use page2.pdf>
Package pdftex.def Info: page2.pdf used on input line 52.
(pdftex.def)             Requested size: 505.89pt x 614.30286pt.
)
(./page1.pdf_tex
File: page1.pdf Graphic file (type pdf)
 <use page1.pdf>
Package pdftex.def Info: page1.pdf used on input line 52.
(pdftex.def)             Requested size: 505.89pt x 614.30286pt.
) [124] (./page2.pdf_tex
File: page2.pdf Graphic file (type pdf)
 <use page2.pdf>
Package pdftex.def Info: page2.pdf used on input line 52.
(pdftex.def)             Requested size: 505.89pt x 614.30286pt.
)
[125] (./page1.pdf_tex
File: page1.pdf Graphic file (type pdf)
 <use page1.pdf>
Package pdftex.def Info: page1.pdf used on input line 52.
(pdftex.def)             Requested size: 505.89pt x 614.30286pt.
) [126] (./page2.pdf_tex
File: page2.pdf Graphic file (type pdf)
 <use page2.pdf>
Package pdftex.def Info: page2.pdf used on input line 52.
(pdftex.def)             Requested size: 505.89pt x 614.30286pt.
) [127] [128] [129] (./planner.aux) ) 
Here is how much of TeX's memory you used:
 3144 strings out of 495059
 43949 string characters out of 3182030
 106962 words of memory out of 3000000
 6055 multiletter control sequences out of 15000+200000
 24883 words of font info for 54 fonts, out of 3000000 for 9000
 14 hyphenation exceptions out of 8191
 38i,13n,32p,257b,254s stack positions out of 5000i,500n,10000p,200000b,50000s
{/usr/share/texlive/texmf-dist/fonts/enc/d
vips/base/8r.enc}</usr/share/texlive/texmf-dist/fonts/type1/public/amsfonts/cm/
cmsy10.pfb></usr/share/texlive/texmf-dist/fonts/type1/urw/palatino/uplb8a.pfb><
/usr/share/texlive/texmf-dist/fonts/type1/urw/palatino/uplr8a.pfb>
Output written on planner.pdf (129 pages, 122876 bytes).
PDF statistics:
 439 PDF objects out of 1000 (max. 8388607)
 300 compressed objects within 3 object streams
 0 named destinations out of 1000 (max. 500000)
 11 words of extra memory for PDF output out of 10000 (max. 10000000)

